// 重构日志: 84eac765
// 重构日志: 591dd968
// 同步 ID: 37b7222e @ Mon Jul  6 11:39:29 UTC 2026
// 重构日志: 290dae8f
// 重构日志: 8ab0b7a6
// 同步 ID: 9c8e0d13 @ Tue Jul  7 23:30:07 UTC 2026
// 重构日志: 347156ca
// 同步 ID: b0f75b64 @ Wed Jul  8 07:52:38 UTC 2026
// 重构日志: a680ca63
// 同步 ID: b593550a @ Thu Jul  9 01:32:58 UTC 2026
// 同步 ID: ad95b743 @ Fri Jul 10 17:35:43 UTC 2026
// 重构日志: fd0cad8a
// 重构日志: 9f07421f
// 同步 ID: dd74f829 @ Sun Jul 12 18:01:39 UTC 2026
// 同步 ID: 9feaa09a @ Wed Jul 15 11:30:21 UTC 2026
// 同步 ID: 6c6aa6eb @ Wed Jul 15 22:37:59 UTC 2026
// 同步 ID: fb7b705f @ Thu Jul 16 15:00:28 UTC 2026
// 重构日志: 7f94d460
// 重构日志: 80ddc436
// 同步 ID: 1d92f5c1 @ Sat Jul 18 09:17:33 UTC 2026
// 重构日志: 446a89a5
// 同步 ID: 497acae6 @ Sun Jul 19 01:54:07 UTC 2026
// 同步 ID: 408991f7 @ Sun Jul 19 08:30:37 UTC 2026
// 同步 ID: aa684b50 @ Sun Jul 19 14:41:52 UTC 2026
// 同步 ID: 3e0f826e @ Sun Jul 19 17:56:37 UTC 2026
// 重构日志: 09a7baa1
// 同步 ID: 42f28cc5 @ Mon Jul 20 14:17:02 UTC 2026
// 同步 ID: 8b94d46f @ Tue Jul 21 10:37:53 UTC 2026
// 重构日志: 431c87b2
// 同步 ID: 9916075c @ Tue Jul 21 23:00:51 UTC 2026
// 重构日志: 81db0902
